<?xml version="1.0" encoding="UTF-8"?>
<testng-results ignored="0" total="1" passed="1" failed="0" skipped="0">
  <reporter-output>
  </reporter-output>
  <suite started-at="2023-04-05T10:12:03Z" name="matricad" finished-at="2023-04-05T10:12:03Z" duration-ms="12">
    <groups>
    </groups>
    <test started-at="2023-04-05T10:12:03Z" name="TestNG tests" finished-at="2023-04-05T10:12:03Z" duration-ms="12">
      <class name="matricad.MatricadNGTest">
        <test-method is-config="true" signature="setUpClass()[pri:0, instance:matricad.MatricadNGTest@185d8b6]" started-at="2023-04-05T10:12:03Z" name="setUpClass" finished-at="2023-04-05T10:12:03Z" duration-ms="8" status="PASS">
          <reporter-output>
          </reporter-output>
        </test-method> <!-- setUpClass -->
        <test-method is-config="true" signature="tearDownMethod()[pri:0, instance:matricad.MatricadNGTest@185d8b6]" started-at="2023-04-05T10:12:03Z" name="tearDownMethod" finished-at="2023-04-05T10:12:03Z" duration-ms="0" status="PASS">
          <reporter-output>
          </reporter-output>
        </test-method> <!-- tearDownMethod -->
        <test-method signature="testGetMaxCad()[pri:0, instance:matricad.MatricadNGTest@185d8b6]" started-at="2023-04-05T10:12:03Z" name="testGetMaxCad" finished-at="2023-04-05T10:12:03Z" duration-ms="0" status="PASS">
          <reporter-output>
          </reporter-output>
        </test-method> <!-- testGetMaxCad -->
        <test-method is-config="true" signature="setUpMethod()[pri:0, instance:matricad.MatricadNGTest@185d8b6]" started-at="2023-04-05T10:12:03Z" name="setUpMethod" finished-at="2023-04-05T10:12:03Z" duration-ms="0" status="PASS">
          <reporter-output>
          </reporter-output>
        </test-method> <!-- setUpMethod -->
        <test-method is-config="true" signature="tearDownClass()[pri:0, instance:matricad.MatricadNGTest@185d8b6]" started-at="2023-04-05T10:12:03Z" name="tearDownClass" finished-at="2023-04-05T10:12:03Z" duration-ms="0" status="PASS">
          <reporter-output>
          </reporter-output>
        </test-method> <!-- tearDownClass -->
      </class> <!-- matricad.MatricadNGTest -->
    </test> <!-- TestNG tests -->
  </suite> <!-- matricad -->
</testng-results>
